<?xml version="1.0" encoding="UTF-8" ?>
<testsuites>
  <testsuite errors="0" failures="0" hostname="jrcarr2-laptop" id="0" name="OrderSiteExample" package="com.ociweb.example.domain" tests="4" time="0.551" timestamp="2010-02-17T08:14:27">
      <properties>
[...]
</properties>

      <testcase classname="com.ociweb.example.domain.OrderSiteExample" name="shouldProcessOrderAndSendItToWarehouse" time="0.286" />

      <testcase classname="com.ociweb.example.domain.OrderSiteExample" name="shouldHaveTheOriginalOrderInformationInShippingOrder" time="0.0010" />

      <testcase classname="com.ociweb.example.domain.OrderSiteExample" name="shouldSetTheExpectedShipDateToTomorrowIfLessThanTenItems" time="0.0" />

      <testcase classname="com.ociweb.example.domain.OrderSiteExample" name="shouldSetTheExpectedShipDateToThreeDaysFromNowTenOrMoreItems" time="0.0" />

      <system-out><![CDATA[]]></system-out>

      <system-err><![CDATA[]]></system-err>

  </testsuite>
</testsuites>
