<?xml version="1.0" encoding="UTF-8" ?>
<testsuite errors="0" failures="0" hostname="jrcarr2-laptop" name="com.ociweb.example.domain.OrderSiteExample" tests="4" time="0.29" timestamp="2010-02-17T04:57:30">
  <properties>
[...]
</properties>
  <testcase classname="com.ociweb.example.domain.OrderSiteExample" name="shouldProcessOrderAndSendItToWarehouse" time="0.238" />
  <testcase classname="com.ociweb.example.domain.OrderSiteExample" name="shouldHaveTheOriginalOrderInformationInShippingOrder" time="0.0020" />
  <testcase classname="com.ociweb.example.domain.OrderSiteExample" name="shouldSetTheExpectedShipDateToTomorrowIfLessThanTenItems" time="0.0010" />
  <testcase classname="com.ociweb.example.domain.OrderSiteExample" name="shouldSetTheExpectedShipDateToThreeDaysFromNowTenOrMoreItems" time="0.0010" />
  <system-out><![CDATA[]]></system-out>
  <system-err><![CDATA[]]></system-err>
</testsuite>
